Determining if the pthread_create exist failed with the following output:
Change Dir: /home/cs184/cs184/projects/cs184-final-project/build/CMakeFiles/CMakeTmp

Run Build Command:/usr/bin/make "cmTryCompileExec708400985/fast"
/usr/bin/make -f CMakeFiles/cmTryCompileExec708400985.dir/build.make CMakeFiles/cmTryCompileExec708400985.dir/build
make[1]: Entering directory `/home/cs184/cs184/projects/cs184-final-project/build/CMakeFiles/CMakeTmp'
/usr/bin/cmake -E cmake_progress_report /home/cs184/cs184/projects/cs184-final-project/build/CMakeFiles/CMakeTmp/CMakeFiles 1
Building C object CMakeFiles/cmTryCompileExec708400985.dir/CheckSymbolExists.c.o
/usr/bin/cc    -o CMakeFiles/cmTryCompileExec708400985.dir/CheckSymbolExists.c.o   -c /home/cs184/cs184/projects/cs184-final-project/build/CMakeFiles/CMakeTmp/CheckSymbolExists.c
Linking C executable cmTryCompileExec708400985
/usr/bin/cmake -E cmake_link_script CMakeFiles/cmTryCompileExec708400985.dir/link.txt --verbose=1
/usr/bin/cc       CMakeFiles/cmTryCompileExec708400985.dir/CheckSymbolExists.c.o  -o cmTryCompileExec708400985 -rdynamic 
CMakeFiles/cmTryCompileExec708400985.dir/CheckSymbolExists.c.o: In function `main':
CheckSymbolExists.c:(.text+0x16): undefined reference to `pthread_create'
collect2: error: ld returned 1 exit status
make[1]: Leaving directory `/home/cs184/cs184/projects/cs184-final-project/build/CMakeFiles/CMakeTmp'
make[1]: *** [cmTryCompileExec708400985] Error 1
make: *** [cmTryCompileExec708400985/fast] Error 2

File /home/cs184/cs184/projects/cs184-final-project/build/CMakeFiles/CMakeTmp/CheckSymbolExists.c:
/* */
#include <pthread.h>

int main(int argc, char** argv)
{
  (void)argv;
#ifndef pthread_create
  return ((int*)(&pthread_create))[argc];
#else
  (void)argc;
  return 0;
#endif
}

Determining if the function pthread_create exists in the pthreads failed with the following output:
Change Dir: /home/cs184/cs184/projects/cs184-final-project/build/CMakeFiles/CMakeTmp

Run Build Command:/usr/bin/make "cmTryCompileExec3574872115/fast"
/usr/bin/make -f CMakeFiles/cmTryCompileExec3574872115.dir/build.make CMakeFiles/cmTryCompileExec3574872115.dir/build
make[1]: Entering directory `/home/cs184/cs184/projects/cs184-final-project/build/CMakeFiles/CMakeTmp'
/usr/bin/cmake -E cmake_progress_report /home/cs184/cs184/projects/cs184-final-project/build/CMakeFiles/CMakeTmp/CMakeFiles 1
Building C object CMakeFiles/cmTryCompileExec3574872115.dir/CheckFunctionExists.c.o
/usr/bin/cc   -DCHECK_FUNCTION_EXISTS=pthread_create   -o CMakeFiles/cmTryCompileExec3574872115.dir/CheckFunctionExists.c.o   -c /usr/share/cmake-2.8/Modules/CheckFunctionExists.c
Linking C executable cmTryCompileExec3574872115
/usr/bin/cmake -E cmake_link_script CMakeFiles/cmTryCompileExec3574872115.dir/link.txt --verbose=1
/usr/bin/cc   -DCHECK_FUNCTION_EXISTS=pthread_create    CMakeFiles/cmTryCompileExec3574872115.dir/CheckFunctionExists.c.o  -o cmTryCompileExec3574872115 -rdynamic -lpthreads 
/usr/bin/ld: cannot find -lpthreads
collect2: error: ld returned 1 exit status
make[1]: Leaving directory `/home/cs184/cs184/projects/cs184-final-project/build/CMakeFiles/CMakeTmp'
make[1]: *** [cmTryCompileExec3574872115] Error 1
make: *** [cmTryCompileExec3574872115/fast] Error 2


Determining if the function glXGetProcAddressEXT exists failed with the following output:
Change Dir: /home/cs184/cs184/projects/cs184-final-project/build/CMakeFiles/CMakeTmp

Run Build Command:/usr/bin/make "cmTryCompileExec1099518322/fast"
/usr/bin/make -f CMakeFiles/cmTryCompileExec1099518322.dir/build.make CMakeFiles/cmTryCompileExec1099518322.dir/build
make[1]: Entering directory `/home/cs184/cs184/projects/cs184-final-project/build/CMakeFiles/CMakeTmp'
/usr/bin/cmake -E cmake_progress_report /home/cs184/cs184/projects/cs184-final-project/build/CMakeFiles/CMakeTmp/CMakeFiles 1
Building C object CMakeFiles/cmTryCompileExec1099518322.dir/CheckFunctionExists.c.o
/usr/bin/cc   -DCHECK_FUNCTION_EXISTS=glXGetProcAddressEXT   -o CMakeFiles/cmTryCompileExec1099518322.dir/CheckFunctionExists.c.o   -c /usr/share/cmake-2.8/Modules/CheckFunctionExists.c
Linking C executable cmTryCompileExec1099518322
/usr/bin/cmake -E cmake_link_script CMakeFiles/cmTryCompileExec1099518322.dir/link.txt --verbose=1
/usr/bin/cc   -DCHECK_FUNCTION_EXISTS=glXGetProcAddressEXT    CMakeFiles/cmTryCompileExec1099518322.dir/CheckFunctionExists.c.o  -o cmTryCompileExec1099518322 -rdynamic -lGL 
CMakeFiles/cmTryCompileExec1099518322.dir/CheckFunctionExists.c.o: In function `main':
CheckFunctionExists.c:(.text+0x15): undefined reference to `glXGetProcAddressEXT'
collect2: error: ld returned 1 exit status
make[1]: Leaving directory `/home/cs184/cs184/projects/cs184-final-project/build/CMakeFiles/CMakeTmp'
make[1]: *** [cmTryCompileExec1099518322] Error 1
make: *** [cmTryCompileExec1099518322/fast] Error 2


